<?xml version="1.0" encoding="UTF-8"?>
<testng-results skipped="0" failed="0" ignored="0" total="1" passed="1">
  <reporter-output>
  </reporter-output>
  <suite name="Suite" duration-ms="1549" started-at="2020-11-07T05:07:02Z" finished-at="2020-11-07T05:07:04Z">
    <groups>
    </groups>
    <test name="Basic test" duration-ms="1549" started-at="2020-11-07T05:07:02Z" finished-at="2020-11-07T05:07:04Z">
      <class name="TestPlan">
        <test-method status="PASS" signature="submitForm()[pri:0, instance:TestPlan@503d687a]" name="submitForm" duration-ms="1515" started-at="2020-11-07T05:07:02Z" finished-at="2020-11-07T05:07:04Z">
          <reporter-output>
          </reporter-output>
        </test-method> <!-- submitForm -->
        <test-method status="PASS" signature="cleanUp()[pri:0, instance:TestPlan@503d687a]" name="cleanUp" is-config="true" duration-ms="78" started-at="2020-11-07T05:07:04Z" finished-at="2020-11-07T05:07:04Z">
          <reporter-output>
          </reporter-output>
        </test-method> <!-- cleanUp -->
      </class> <!-- TestPlan -->
    </test> <!-- Basic test -->
  </suite> <!-- Suite -->
</testng-results>
